[debug] [2022-07-27T18:24:27.615Z] ----------------------------------------------------------------------
[debug] [2022-07-27T18:24:27.617Z] Command:       C:\Program Files\nodejs\node.exe C:\Users\Jatin\AppData\Roaming\npm\node_modules\firebase-tools\lib\bin\firebase.js init
[debug] [2022-07-27T18:24:27.618Z] CLI Version:   11.4.0
[debug] [2022-07-27T18:24:27.618Z] Platform:      win32
[debug] [2022-07-27T18:24:27.618Z] Node Version:  v16.14.2
[debug] [2022-07-27T18:24:27.619Z] Time:          Wed Jul 27 2022 23:54:27 GMT+0530 (India Standard Time)
[debug] [2022-07-27T18:24:27.619Z] ----------------------------------------------------------------------
[debug] 
[debug] [2022-07-27T18:24:27.630Z] > command requires scopes: ["email","openid","https://www.googleapis.com/auth/cloudplatformprojects.readonly","https://www.googleapis.com/auth/firebase","https://www.googleapis.com/auth/cloud-platform"]
[debug] [2022-07-27T18:24:27.630Z] > authorizing via signed-in user (getjatin5120@gmail.com)
[info] 
     ######## #### ########  ######## ########     ###     ######  ########
     ##        ##  ##     ## ##       ##     ##  ##   ##  ##       ##
     ######    ##  ########  ######   ########  #########  ######  ######
     ##        ##  ##    ##  ##       ##     ## ##     ##       ## ##
     ##       #### ##     ## ######## ########  ##     ##  ######  ########

You're about to initialize a Firebase project in this directory:

  D:\Bhanu\Jatin-Portfolio

[info] 
=== Project Setup
[info] 
[info] First, let's associate this project directory with a Firebase project.
[info] You can create multiple project aliases by running firebase use --add, 
[info] but for now we'll just set up a default project.
[info] 
[debug] [2022-07-27T18:24:49.554Z] > refreshing access token with scopes: []
[debug] [2022-07-27T18:24:49.556Z] >>> [apiv2][query] POST https://www.googleapis.com/oauth2/v3/token [none]
[debug] [2022-07-27T18:24:49.556Z] >>> [apiv2][body] POST https://www.googleapis.com/oauth2/v3/token [omitted]
[debug] [2022-07-27T18:24:49.842Z] <<< [apiv2][status] POST https://www.googleapis.com/oauth2/v3/token 200
[debug] [2022-07-27T18:24:49.842Z] <<< [apiv2][body] POST https://www.googleapis.com/oauth2/v3/token [omitted]
[debug] [2022-07-27T18:24:49.852Z] >>> [apiv2][query] GET https://firebase.googleapis.com/v1beta1/projects pageSize=100
[debug] [2022-07-27T18:24:50.828Z] <<< [apiv2][status] GET https://firebase.googleapis.com/v1beta1/projects 200
[debug] [2022-07-27T18:24:50.829Z] <<< [apiv2][body] GET https://firebase.googleapis.com/v1beta1/projects [omitted]
